<?xml version="1.0" encoding="UTF-8"?>
<!-- Generated by org.testng.reporters.JUnitReportReporter -->
<testsuite skipped="0" hostname="DESKTOP-Q3OL5F5" name="com.surveyMonkey.TestBase.BaseClass" tests="1" failures="0" timestamp="02 Sep 2022 20:06:11 GMT" time="22.481" errors="0">
  <testcase name="setup" time="22.481" classname="com.surveyMonkey.TestBase.BaseClass"/>
</testsuite> <!-- com.surveyMonkey.TestBase.BaseClass -->
