<?xml version="1.0" encoding="UTF-8"?>
<!-- Generated by org.testng.reporters.JUnitReportReporter -->
<testsuite skipped="0" hostname="DESKTOP-Q3OL5F5" name="com.surveyMonkey.TestCase.TC002_LoginTestCase" tests="1" failures="0" timestamp="06 Sep 2022 21:12:29 GMT" time="16.347" errors="0">
  <testcase name="logintest" time="16.347" classname="com.surveyMonkey.TestCase.TC002_LoginTestCase"/>
</testsuite> <!-- com.surveyMonkey.TestCase.TC002_LoginTestCase -->
