<?xml version="1.0" encoding="UTF-8"?>
<!-- Generated by org.testng.reporters.JUnitReportReporter -->
<testsuite skipped="0" hostname="DESKTOP-Q3OL5F5" name="com.surveyMonkey.TestCase.TC001_verifyLoginTest" tests="1" failures="0" timestamp="06 Sep 2022 21:21:02 GMT" time="4.696" errors="0">
  <testcase name="clickLoginTest" time="4.696" classname="com.surveyMonkey.TestCase.TC001_verifyLoginTest"/>
</testsuite> <!-- com.surveyMonkey.TestCase.TC001_verifyLoginTest -->
